<?xml version="1.0" encoding="UTF-8"?>
<testsuite xmlns:xsi="http://www.w3.org/2001/XMLSchema-instance" xsi:noNamespaceSchemaLocation="https://maven.apache.org/surefire/maven-surefire-plugin/xsd/surefire-test-report-3.0.xsd" version="3.0" name="com.hmkeyewear.service_registry.ServiceRegistryApplicationTests" time="5.009" tests="1" errors="0" skipped="0" failures="0">
  <properties>
[...]
</properties>
  <testcase name="contextLoads" classname="com.hmkeyewear.service_registry.ServiceRegistryApplicationTests" time="0.602">
    <system-out><![CDATA[23:41:31.643 [main] INFO org.springframework.test.context.support.AnnotationConfigContextLoaderUtils -- Could not detect default configuration classes for test class [com.hmkeyewear.service_registry.ServiceRegistryApplicationTests]: ServiceRegistryApplicationTests does not declare any static, non-private, non-final, nested classes annotated with @Configuration.
23:41:31.753 [main] INFO org.springframework.boot.test.context.SpringBootTestContextBootstrapper -- Found @SpringBootConfiguration com.hmkeyewear.service_registry.ServiceRegistryApplication for test class com.hmkeyewear.service_registry.ServiceRegistryApplicationTests

  .   ____          _            __ _ _
 /\\ / ___'_ __ _ _(_)_ __  __ _ \ \ \ \
( ( )\___ | '_ | '_| | '_ \/ _` | \ \ \ \
 \\/  ___)| |_)| | | | | || (_| |  ) ) ) )
  '  |____| .__|_| |_|_| |_\__, | / / / /
 =========|_|==============|___/=/_/_/_/

 :: Spring Boot ::                (v3.5.6)

2026-01-23T23:41:32.442+07:00  INFO 28804 --- [service-registry] [           main] c.h.s.ServiceRegistryApplicationTests    : Starting ServiceRegistryApplicationTests using Java 21.0.7 with PID 28804 (started by Lenovo in D:\KLTN\Scalable-E-Commerce-System\service_registry)
2026-01-23T23:41:32.442+07:00  INFO 28804 --- [service-registry] [           main] c.h.s.ServiceRegistryApplicationTests    : No active profile set, falling back to 1 default profile: "default"
2026-01-23T23:41:33.512+07:00  INFO 28804 --- [service-registry] [           main] o.s.cloud.context.scope.GenericScope     : BeanFactory id=12af7a02-ec2c-35bf-a628-22471bd2abc5
2026-01-23T23:41:34.072+07:00  INFO 28804 --- [service-registry] [           main] o.s.v.b.OptionalValidatorFactoryBean     : Failed to set up a Bean Validation provider: jakarta.validation.NoProviderFoundException: Unable to create a Configuration, because no Jakarta Bean Validation provider could be found. Add a provider like Hibernate Validator (RI) to your classpath.
2026-01-23T23:41:35.036+07:00  WARN 28804 --- [service-registry] [           main] iguration$LoadBalancerCaffeineWarnLogger : Spring Cloud LoadBalancer is currently working with the default cache. While this cache implementation is useful for development and tests, it's recommended to use Caffeine cache in production.You can switch to using Caffeine cache, by adding it and org.springframework.cache.caffeine.CaffeineCacheManager to the classpath.
2026-01-23T23:41:35.266+07:00  INFO 28804 --- [service-registry] [           main] o.s.c.n.eureka.InstanceInfoFactory       : Setting initial instance status as: STARTING
2026-01-23T23:41:35.282+07:00  INFO 28804 --- [service-registry] [           main] com.netflix.discovery.DiscoveryClient    : Initializing Eureka in region us-east-1
2026-01-23T23:41:35.283+07:00  INFO 28804 --- [service-registry] [           main] com.netflix.discovery.DiscoveryClient    : Client configured to neither register nor query for data.
2026-01-23T23:41:35.285+07:00  INFO 28804 --- [service-registry] [           main] com.netflix.discovery.DiscoveryClient    : Discovery Client initialized at timestamp 1769186495284 with initial instances count: 0
2026-01-23T23:41:35.328+07:00  INFO 28804 --- [service-registry] [           main] c.n.eureka.DefaultEurekaServerContext    : Initializing ...
2026-01-23T23:41:35.330+07:00  INFO 28804 --- [service-registry] [           main] c.n.eureka.cluster.PeerEurekaNodes       : Adding new peer nodes [http://localhost:8761/eureka/]
2026-01-23T23:41:35.472+07:00  INFO 28804 --- [service-registry] [           main] c.n.d.provider.DiscoveryJerseyProvider   : Using JSON encoding codec LegacyJacksonJson
2026-01-23T23:41:35.472+07:00  INFO 28804 --- [service-registry] [           main] c.n.d.provider.DiscoveryJerseyProvider   : Using JSON decoding codec LegacyJacksonJson
2026-01-23T23:41:35.472+07:00  INFO 28804 --- [service-registry] [           main] c.n.d.provider.DiscoveryJerseyProvider   : Using XML encoding codec XStreamXml
2026-01-23T23:41:35.472+07:00  INFO 28804 --- [service-registry] [           main] c.n.d.provider.DiscoveryJerseyProvider   : Using XML decoding codec XStreamXml
2026-01-23T23:41:35.530+07:00  INFO 28804 --- [service-registry] [           main] c.n.eureka.cluster.PeerEurekaNodes       : Replica node URL:  http://localhost:8761/eureka/
2026-01-23T23:41:35.536+07:00  INFO 28804 --- [service-registry] [           main] c.n.e.registry.AbstractInstanceRegistry  : Finished initializing remote region registries. All known remote regions: []
2026-01-23T23:41:35.536+07:00  INFO 28804 --- [service-registry] [           main] c.n.eureka.DefaultEurekaServerContext    : Initialized
2026-01-23T23:41:35.627+07:00  INFO 28804 --- [service-registry] [           main] o.s.b.a.e.web.EndpointLinksResolver      : Exposing 2 endpoints beneath base path '/actuator'
2026-01-23T23:41:35.749+07:00  INFO 28804 --- [service-registry] [           main] o.s.c.n.e.s.EurekaServiceRegistry        : Registering application SERVICE-REGISTRY with eureka with status UP
2026-01-23T23:41:35.767+07:00  INFO 28804 --- [service-registry] [           main] c.h.s.ServiceRegistryApplicationTests    : Started ServiceRegistryApplicationTests in 3.696 seconds (process running for 4.783)
2026-01-23T23:41:35.779+07:00  INFO 28804 --- [service-registry] [      Thread-10] o.s.c.n.e.server.EurekaServerBootstrap   : isAws returned false
2026-01-23T23:41:35.781+07:00  INFO 28804 --- [service-registry] [      Thread-10] o.s.c.n.e.server.EurekaServerBootstrap   : Initialized server context
2026-01-23T23:41:35.781+07:00  INFO 28804 --- [service-registry] [      Thread-10] c.n.e.r.PeerAwareInstanceRegistryImpl    : Got 1 instances from neighboring DS node
2026-01-23T23:41:35.781+07:00  INFO 28804 --- [service-registry] [      Thread-10] c.n.e.r.PeerAwareInstanceRegistryImpl    : Renew threshold is: 1
2026-01-23T23:41:35.781+07:00  INFO 28804 --- [service-registry] [      Thread-10] c.n.e.r.PeerAwareInstanceRegistryImpl    : Changing status to UP
2026-01-23T23:41:35.785+07:00  INFO 28804 --- [service-registry] [      Thread-10] e.s.EurekaServerInitializerConfiguration : Started Eureka Server
]]></system-out>
    <system-err><![CDATA[Mockito is currently self-attaching to enable the inline-mock-maker. This will no longer work in future releases of the JDK. Please add Mockito as an agent to your build as described in Mockito's documentation: https://javadoc.io/doc/org.mockito/mockito-core/latest/org.mockito/org/mockito/Mockito.html#0.3
WARNING: A Java agent has been loaded dynamically (C:\Users\Lenovo\.m2\repository\net\bytebuddy\byte-buddy-agent\1.17.7\byte-buddy-agent-1.17.7.jar)
WARNING: If a serviceability tool is in use, please run with -XX:+EnableDynamicAgentLoading to hide this warning
WARNING: If a serviceability tool is not in use, please run with -Djdk.instrument.traceUsage for more information
WARNING: Dynamic loading of agents will be disallowed by default in a future release
]]></system-err>
  </testcase>
</testsuite>